app/build_1767085563058/outputs/logs/manifest-merger-debug-report.txt
-- Merging decision tree log ---
provider#androidx.core.content.FileProvider
INJECTED from src\main\AndroidManifest.xml:144:9-152:20
	android:grantUriPermissions
		ADDED from src\main\AndroidManifest.xml:148:13-47
	android:authorities
		INJECTED from src\main\AndroidManifest.xml
		ADDED from src\main\AndroidManifest.xml:146:13-60
	android:exported
		ADDED from src\main\AndroidManifest.xml:147:13-37
	android:name
		ADDED from src\main\AndroidManifest.xml:145:13-62
manifest
ADDED from src\main\AndroidManifest.xml:2:1-278:12
INJECTED from src\main\AndroidManifest.xml:2:1-278:12
INJECTED from src\main\AndroidManifest.xml:2:1-278:12
INJECTED from src\main\AndroidManifest.xml:2:1-278:12
MERGED from [ru.rustore.sdk:pushclient:6.5.0] AndroidManifest.xml:2:1-37:12
MERGED from [ru.rustore.sdk:coreui:8.0.0-alpha01] AndroidManifest.xml:2:1-7:12
MERGED from [com.google.android.material:material:1.12.0] AndroidManifest.xml:17:1-24:12
MERGED from [androidx.constraintlayout:constraintlayout:2.2.0] AndroidManifest.xml:2:1-9:12
MERGED from [androidx.appcompat:appcompat-resources:1.7.0] AndroidManifest.xml:2:1-7:12
MERGED from [com.google.mlkit:barcode-scanning:17.3.0] AndroidManifest.xml:2:1-7:12
MERGED from [com.google.android.gms:play-services-mlkit-barcode-scanning:18.3.1] AndroidManifest.xml:2:1-18:12
MERGED from [com.google.mlkit:barcode-scanning-common:17.0.0] AndroidManifest.xml:2:1-7:12
MERGED from [com.google.mlkit:vision-common:17.3.0] AndroidManifest.xml:2:1-18:12
MERGED from [com.google.mlkit:common:18.11.0] AndroidManifest.xml:2:1-26:12
MERGED from [androidx.appcompat:appcompat:1.7.0] AndroidManifest.xml:2:1-7:12
MERGED from [ru.rustore.sdk:appupdate:7.0.0] AndroidManifest.xml:2:1-13:12
MERGED from [androidx.camera.viewfinder:viewfinder-core:1.5.1] AndroidManifest.xml:2:1-7:12
MERGED from [androidx.viewpager2:viewpager2:1.1.0-beta02] AndroidManifest.xml:2:1-7:12
MERGED from [androidx.recyclerview:recyclerview:1.3.2] AndroidManifest.xml:17:1-22:12
MERGED from [androidx.swiperefreshlayout:swiperefreshlayout:1.1.0] AndroidManifest.xml:17:1-24:12
MERGED from [androidx.compose.material3:material3-android:1.2.1] AndroidManifest.xml:17:1-22:12
MERGED from [androidx.compose.material:material-android:1.6.6] AndroidManifest.xml:2:1-7:12
MERGED from [androidx.compose.material:material-icons-core-android:1.6.6] AndroidManifest.xml:2:1-7:12
MERGED from [androidx.compose.material:material-ripple-android:1.6.6] AndroidManifest.xml:2:1-7:12
MERGED from [androidx.compose.foundation:foundation-android:1.6.6] AndroidManifest.xml:2:1-7:12
MERGED from [androidx.compose.animation:animation-android:1.6.6] AndroidManifest.xml:2:1-7:12
MERGED from [androidx.compose.foundation:foundation-layout-android:1.6.6] AndroidManifest.xml:2:1-7:12
MERGED from [androidx.compose.animation:animation-core-android:1.6.6] AndroidManifest.xml:2:1-7:12
MERGED from [androidx.compose.ui:ui-tooling-data-android:1.6.6] AndroidManifest.xml:2:1-7:12
MERGED from [androidx.compose.ui:ui-unit-android:1.6.6] AndroidManifest.xml:2:1-7:12
MERGED from [androidx.compose.ui:ui-geometry-android:1.6.6] AndroidManifest.xml:2:1-7:12
MERGED from [androidx.compose.ui:ui-util-android:1.6.6] AndroidManifest.xml:2:1-7:12
MERGED from [androidx.compose.ui:ui-text-android:1.6.6] AndroidManifest.xml:2:1-7:12
MERGED from [androidx.compose.ui:ui-tooling-preview-android:1.6.6] AndroidManifest.xml:17:1-22:12
MERGED from [androidx.compose.ui:ui-tooling-android:1.6.6] AndroidManifest.xml:17:1-28:12
MERGED from [androidx.compose.ui:ui-graphics-android:1.6.6] AndroidManifest.xml:2:1-7:12
MERGED from [androidx.compose.ui:ui-test-manifest:1.6.6] AndroidManifest.xml:17:1-28:12
MERGED from [androidx.compose.ui:ui-android:1.6.6] AndroidManifest.xml:2:1-7:12
MERGED from [androidx.activity:activity-ktx:1.9.2] AndroidManifest.xml:2:1-7:12
MERGED from [androidx.activity:activity-compose:1.9.2] AndroidManifest.xml:2:1-7:12
MERGED from [com.github.bumptech.glide:okhttp3-integration:4.12.0] AndroidManifest.xml:2:1-16:12
MERGED from [com.github.bumptech.glide:glide:4.12.0] AndroidManifest.xml:2:1-12:12
MERGED from [com.google.android.gms:play-services-location:21.0.1] AndroidManifest.xml:2:1-9:12
MERGED from [com.google.firebase:firebase-messaging:24.1.0] AndroidManifest.xml:17:1-66:12
MERGED from [com.google.firebase:firebase-installations:17.2.0] AndroidManifest.xml:2:1-24:12
MERGED from [com.google.firebase:firebase-common-ktx:21.0.0] AndroidManifest.xml:2:1-18:12
MERGED from [com.google.firebase:firebase-common:21.0.0] AndroidManifest.xml:15:1-41:12
MERGED from [com.google.firebase:firebase-iid-interop:17.1.0] AndroidManifest.xml:2:1-10:12
MERGED from [com.google.firebase:firebase-measurement-connector:19.0.0] AndroidManifest.xml:17:1-25:12
MERGED from [com.google.android.gms:play-services-cloud-messaging:17.2.0] AndroidManifest.xml:2:1-13:12
MERGED from [com.google.android.gms:play-services-stats:17.0.2] AndroidManifest.xml:2:1-9:12
MERGED from [com.google.android.gms:play-services-base:18.5.0] AndroidManifest.xml:2:1-7:12
MERGED from [com.google.mlkit:vision-interfaces:16.3.0] AndroidManifest.xml:2:1-7:12
MERGED from [com.google.firebase:firebase-installations-interop:17.1.1] AndroidManifest.xml:15:1-19:12
MERGED from [androidx.room:room-runtime:2.6.1] AndroidManifest.xml:17:1-31:12
MERGED from [ru.rustore.sdk:push-core:6.5.0] AndroidManifest.xml:2:1-14:12
MERGED from [ru.rustore.sdk:push-core-remote-config:6.5.0] AndroidManifest.xml:2:1-9:12
MERGED from [androidx.work:work-runtime-ktx:2.10.0] AndroidManifest.xml:17:1-22:12
MERGED from [androidx.work:work-runtime:2.10.0] AndroidManifest.xml:17:1-145:12
MERGED from [androidx.room:room-ktx:2.6.1] AndroidManifest.xml:17:1-22:12
MERGED from [androidx.emoji2:emoji2-views-helper:1.3.0] AndroidManifest.xml:2:1-7:12
MERGED from [androidx.emoji2:emoji2:1.3.0] AndroidManifest.xml:17:1-35:12
MERGED from [androidx.transition:transition:1.5.0] AndroidManifest.xml:2:1-7:12
MERGED from [androidx.dynamicanimation:dynamicanimation:1.0.0] AndroidManifest.xml:17:1-22:12
MERGED from [androidx.legacy:legacy-support-core-utils:1.0.0] AndroidManifest.xml:17:1-22:12
MERGED from [androidx.loader:loader:1.0.0] AndroidManifest.xml:17:1-22:12
MERGED from [androidx.savedstate:savedstate-ktx:1.2.1] AndroidManifest.xml:17:1-22:12
MERGED from [androidx.savedstate:savedstate:1.2.1] AndroidManifest.xml:17:1-22:12
MERGED from [androidx.test.espresso:espresso-core:3.6.1] AndroidManifest.xml:17:1-24:12
MERGED from [androidx.test:core:1.6.1] AndroidManifest.xml:17:1-53:12
MERGED from [androidx.lifecycle:lifecycle-livedata-core-ktx:2.8.6] AndroidManifest.xml:2:1-7:12
MERGED from [androidx.lifecycle:lifecycle-runtime-android:2.8.6] AndroidManifest.xml:17:1-22:12
MERGED from [androidx.lifecycle:lifecycle-viewmodel:2.8.6] AndroidManifest.xml:2:1-5:12
MERGED from [androidx.lifecycle:lifecycle-viewmodel-android:2.8.6] AndroidManifest.xml:17:1-22:12
MERGED from [androidx.lifecycle:lifecycle-process:2.8.6] AndroidManifest.xml:17:1-35:12
MERGED from [androidx.lifecycle:lifecycle-livedata-core:2.8.6] AndroidManifest.xml:17:1-22:12
MERGED from [androidx.lifecycle:lifecycle-service:2.8.6] AndroidManifest.xml:2:1-7:12
MERGED from [androidx.lifecycle:lifecycle-livedata:2.8.6] AndroidManifest.xml:17:1-22:12
MERGED from [androidx.lifecycle:lifecycle-viewmodel-savedstate:2.8.6] AndroidManifest.xml:17:1-22:12
MERGED from [androidx.lifecycle:lifecycle-runtime-ktx-android:2.8.6] AndroidManifest.xml:2:1-7:12
MERGED from [androidx.lifecycle:lifecycle-viewmodel-ktx:2.8.6] AndroidManifest.xml:2:1-7:12
MERGED from [ru.rustore.sdk:push-core-network:6.5.0] AndroidManifest.xml:2:1-7:12
MERGED from [ru.rustore.sdk:push-common:6.5.0] AndroidManifest.xml:2:1-7:12
MERGED from [ru.rustore.sdk:activitylauncher:7.0.0] AndroidManifest.xml:2:1-14:12
MERGED from [ru.rustore.sdk:metrics:8.0.0-alpha01] AndroidManifest.xml:2:1-18:12
MERGED from [ru.rustore.sdk:analytics:7.0.0] AndroidManifest.xml:2:1-13:12
MERGED from [ru.rustore.sdk:core:8.0.0-alpha01] AndroidManifest.xml:2:1-24:12
MERGED from [androidx.compose.runtime:runtime-saveable-android:1.6.6] AndroidManifest.xml:2:1-7:12
MERGED from [androidx.compose.runtime:runtime-android:1.6.6] AndroidManifest.xml:2:1-7:12
MERGED from [androidx.datastore:datastore-preferences:1.0.0] AndroidManifest.xml:17:1-24:12
MERGED from [androidx.datastore:datastore:1.0.0] AndroidManifest.xml:17:1-24:12
MERGED from [com.google.android.gms:play-services-tasks:18.2.0] AndroidManifest.xml:2:1-5:12
MERGED from [com.google.android.gms:play-services-basement:18.4.0] AndroidManifest.xml:2:1-9:12
MERGED from [androidx.fragment:fragment:1.5.4] AndroidManifest.xml:17:1-24:12
MERGED from [androidx.activity:activity:1.9.2] AndroidManifest.xml:17:1-22:12
MERGED from [androidx.coordinatorlayout:coordinatorlayout:1.1.0] AndroidManifest.xml:17:1-24:12
MERGED from [androidx.drawerlayout:drawerlayout:1.1.1] AndroidManifest.xml:17:1-24:12
MERGED from [androidx.vectordrawable:vectordrawable-animated:1.1.0] AndroidManifest.xml:17:1-24:12
MERGED from [androidx.vectordrawable:vectordrawable:1.1.0] AndroidManifest.xml:17:1-24:12
MERGED from [androidx.viewpager:viewpager:1.0.0] AndroidManifest.xml:17:1-22:12
MERGED from [androidx.customview:customview:1.1.0] AndroidManifest.xml:17:1-24:12
MERGED from [androidx.autofill:autofill:1.0.0] AndroidManifest.xml:17:1-24:12
MERGED from [androidx.core:core:1.13.1] AndroidManifest.xml:17:1-30:12
MERGED from [androidx.customview:customview-poolingcontainer:1.0.0] AndroidManifest.xml:17:1-23:12
MERGED from [androidx.core:core-ktx:1.13.1] AndroidManifest.xml:2:1-7:12
MERGED from [com.sunmi:connService.iotsdk:1.1.1] AndroidManifest.xml:2:1-15:12
MERGED from [androidx.test:runner:1.6.1] AndroidManifest.xml:17:1-32:12
MERGED from [androidx.test.services:storage:1.5.0] AndroidManifest.xml:17:1-24:12
MERGED from [androidx.test:monitor:1.7.1] AndroidManifest.xml:17:1-24:12
MERGED from [androidx.profileinstaller:profileinstaller:1.4.0] AndroidManifest.xml:17:1-55:12
MERGED from [androidx.startup:startup-runtime:1.1.1] AndroidManifest.xml:17:1-33:12
MERGED from [androidx.tracing:tracing:1.2.0] AndroidManifest.xml:17:1-22:12
MERGED from [androidx.tracing:tracing-ktx:1.2.0] AndroidManifest.xml:17:1-22:12
MERGED from [androidx.sqlite:sqlite-framework:2.4.0] AndroidManifest.xml:17:1-22:12
MERGED from [androidx.sqlite:sqlite:2.4.0] AndroidManifest.xml:17:1-22:12
MERGED from [androidx.annotation:annotation-experimental:1.4.1] AndroidManifest.xml:2:1-7:12
MERGED from [androidx.databinding:viewbinding:8.1.1] AndroidManifest.xml:2:1-7:12
MERGED from [androidx.cardview:cardview:1.0.0] AndroidManifest.xml:17:1-22:12
MERGED from [com.squareup.picasso:picasso:2.8] AndroidManifest.xml:2:1-14:12
MERGED from [com.davemorrissey.labs:subsampling-scale-image-view:3.10.0] AndroidManifest.xml:2:1-11:12
MERGED from [androidx.arch.core:core-runtime:2.2.0] AndroidManifest.xml:17:1-22:12
MERGED from [androidx.cursoradapter:cursoradapter:1.0.0] AndroidManifest.xml:17:1-22:12
MERGED from [com.github.bumptech.glide:gifdecoder:4.12.0] AndroidManifest.xml:2:1-11:12
MERGED from [androidx.exifinterface:exifinterface:1.2.0] AndroidManifest.xml:17:1-24:12
MERGED from [com.google.firebase:firebase-components:18.0.0] AndroidManifest.xml:15:1-20:12
MERGED from [com.google.firebase:firebase-datatransport:18.2.0] AndroidManifest.xml:15:1-31:12
MERGED from [com.google.android.datatransport:transport-backend-cct:3.1.9] AndroidManifest.xml:15:1-37:12
MERGED from [com.google.firebase:firebase-encoders-json:18.0.0] AndroidManifest.xml:15:1-23:12
MERGED from [com.google.android.datatransport:transport-runtime:3.1.9] AndroidManifest.xml:15:1-41:12
MERGED from [com.google.android.datatransport:transport-api:3.1.0] AndroidManifest.xml:15:1-20:12
MERGED from [androidx.interpolator:interpolator:1.0.0] AndroidManifest.xml:17:1-22:12
MERGED from [androidx.versionedparcelable:versionedparcelable:1.1.1] AndroidManifest.xml:17:1-27:12
MERGED from [ru.ok.tracer:tracer-lite-commons:0.5.3] AndroidManifest.xml:2:1-14:12
MERGED from [ru.ok.tracer:tracer-base:0.5.3] AndroidManifest.xml:2:1-11:12
MERGED from [ru.ok.tracer:tracer-manifest:0.5.3] AndroidManifest.xml:2:1-11:12
MERGED from [ru.ok.tracer:tracer-lite-crash-report:0.5.3] AndroidManifest.xml:2:1-11:12
MERGED from [androidx.documentfile:documentfile:1.0.0] AndroidManifest.xml:17:1-22:12
MERGED from [androidx.localbroadcastmanager:localbroadcastmanager:1.0.0] AndroidManifest.xml:17:1-22:12
MERGED from [androidx.print:print:1.0.0] AndroidManifest.xml:17:1-22:12
MERGED from [ru.rustore.sdk:reactive:8.0.0-alpha01] AndroidManifest.xml:2:1-7:12
MERGED from [me.dm7.barcodescanner:zbar:1.8.4] AndroidManifest.xml:2:1-13:12
MERGED from [com.journeyapps:zxing-android-embedded:4.3.0] AndroidManifest.xml:17:1-56:12
MERGED from [com.sunmi:ThingAdapter-SDK:1.0.9] AndroidManifest.xml:2:1-30:12
MERGED from [org.osmdroid:osmdroid-android:6.1.18] AndroidManifest.xml:2:1-27:12
MERGED from [androidx.test.espresso:espresso-idling-resource:3.6.1] AndroidManifest.xml:17:1-24:12
MERGED from [me.dm7.barcodescanner:core:1.8.4] AndroidManifest.xml:2:1-13:12
MERGED from [com.google.android.odml:image:1.0.0-beta1] AndroidManifest.xml:2:1-9:12
	package
		INJECTED from src\main\AndroidManifest.xml
	android:versionName
		INJECTED from src\main\AndroidManifest.xml
	xmlns:tools
		ADDED from src\main\AndroidManifest.xml:3:5-51
	android:versionCode
		INJECTED from src\main\AndroidManifest.xml
	xmlns:android
		ADDED from src\main\AndroidManifest.xml:2:11-69
uses-permission#android.permission.INTERNET
ADDED from src\main\AndroidManifest.xml:5:5-67
MERGED from [ru.rustore.sdk:pushclient:6.5.0] AndroidManifest.xml:8:5-67
MERGED from [ru.rustore.sdk:pushclient:6.5.0] AndroidManifest.xml:8:5-67
MERGED from [com.google.firebase:firebase-installations:17.2.0] AndroidManifest.xml:8:5-67
MERGED from [com.google.firebase:firebase-installations:17.2.0] AndroidManifest.xml:8:5-67
MERGED from [com.google.android.gms:play-services-cloud-messaging:17.2.0] AndroidManifest.xml:8:5-67
MERGED from [com.google.android.gms:play-services-cloud-messaging:17.2.0] AndroidManifest.xml:8:5-67
MERGED from [ru.rustore.sdk:metrics:8.0.0-alpha01] AndroidManifest.xml:7:5-67
MERGED from [ru.rustore.sdk:metrics:8.0.0-alpha01] AndroidManifest.xml:7:5-67
MERGED from [com.google.android.datatransport:transport-backend-cct:3.1.9] AndroidManifest.xml:25:5-67
MERGED from [com.google.android.datatransport:transport-backend-cct:3.1.9] AndroidManifest.xml:25:5-67
MERGED from [ru.ok.tracer:tracer-lite-commons:0.5.3] AndroidManifest.xml:9:5-67
MERGED from [ru.ok.tracer:tracer-lite-commons:0.5.3] AndroidManifest.xml:9:5-67
	android:name
		ADDED from src\main\AndroidManifest.xml:5:22-64
uses-permission#android.permission.ACCESS_NETWORK_STATE
ADDED from src\main\AndroidManifest.xml:6:5-79
MERGED from [com.google.firebase:firebase-messaging:24.1.0] AndroidManifest.xml:22:5-79
MERGED from [com.google.firebase:firebase-messaging:24.1.0] AndroidManifest.xml:22:5-79
MERGED from [com.google.firebase:firebase-installations:17.2.0] AndroidManifest.xml:7:5-79
MERGED from [com.google.firebase:firebase-installations:17.2.0] AndroidManifest.xml:7:5-79
MERGED from [com.google.android.gms:play-services-cloud-messaging:17.2.0] AndroidManifest.xml:7:5-79
MERGED from [com.google.android.gms:play-services-cloud-messaging:17.2.0] AndroidManifest.xml:7:5-79
MERGED from [ru.rustore.sdk:push-core-remote-config:6.5.0] AndroidManifest.xml:7:5-79
MERGED from [ru.rustore.sdk:push-core-remote-config:6.5.0] AndroidManifest.xml:7:5-79
MERGED from [androidx.work:work-runtime:2.10.0] AndroidManifest.xml:24:5-79
MERGED from [androidx.work:work-runtime:2.10.0] AndroidManifest.xml:24:5-79
MERGED from [com.google.android.datatransport:transport-backend-cct:3.1.9] AndroidManifest.xml:24:5-79
MERGED from [com.google.android.datatransport:transport-backend-cct:3.1.9] AndroidManifest.xml:24:5-79
MERGED from [com.google.android.datatransport:transport-runtime:3.1.9] AndroidManifest.xml:22:5-79
MERGED from [com.google.android.datatransport:transport-runtime:3.1.9] AndroidManifest.xml:22:5-79
MERGED from [ru.ok.tracer:tracer-lite-commons:0.5.3] AndroidManifest.xml:10:5-79
MERGED from [ru.ok.tracer:tracer-lite-commons:0.5.3] AndroidManifest.xml:10:5-79
	android:name
		ADDED from src\main\AndroidManifest.xml:6:22-76
uses-permission#android.permission.CHANGE_NETWORK_STATE
ADDED from src\main\AndroidManifest.xml:7:5-79
	android:name
		ADDED from src\main\AndroidManifest.xml:7:22-76
uses-permission#android.permission.CAMERA
ADDED from src\main\AndroidManifest.xml:8:5-65
MERGED from [com.journeyapps:zxing-android-embedded:4.3.0] AndroidManifest.xml:22:5-65
MERGED from [com.journeyapps:zxing-android-embedded:4.3.0] AndroidManifest.xml:22:5-65
	android:name
		ADDED from src\main\AndroidManifest.xml:8:22-62
uses-permission#android.permission.NFC
ADDED from src\main\AndroidManifest.xml:9:5-62
	android:name
		ADDED from src\main\AndroidManifest.xml:9:22-59
uses-permission#android.permission.USB_PERMISSION
ADDED from src\main\AndroidManifest.xml:10:5-73
	android:name
		ADDED from src\main\AndroidManifest.xml:10:22-70
uses-permission#android.permission.VIBRATE
ADDED from src\main\AndroidManifest.xml:11:5-66
	android:name
		ADDED from src\main\AndroidManifest.xml:11:22-63
uses-permission#android.permission.WAKE_LOCK
ADDED from src\main\AndroidManifest.xml:12:5-68
MERGED from [com.google.firebase:firebase-messaging:24.1.0] AndroidManifest.xml:24:5-68
MERGED from [com.google.firebase:firebase-messaging:24.1.0] AndroidManifest.xml:24:5-68
MERGED from [com.google.android.gms:play-services-cloud-messaging:17.2.0] AndroidManifest.xml:9:5-68
MERGED from [com.google.android.gms:play-services-cloud-messaging:17.2.0] AndroidManifest.xml:9:5-68
MERGED from [androidx.work:work-runtime:2.10.0] AndroidManifest.xml:23:5-68
MERGED from [androidx.work:work-runtime:2.10.0] AndroidManifest.xml:23:5-68
	android:name
		ADDED from src\main\AndroidManifest.xml:12:22-65
uses-permission#android.permission.ACCESS_FINE_LOCATION
ADDED from src\main\AndroidManifest.xml:13:5-79
	android:name
		ADDED from src\main\AndroidManifest.xml:13:22-76
uses-permission#android.permission.ACCESS_COARSE_LOCATION
ADDED from src\main\AndroidManifest.xml:14:5-81
	android:name
		ADDED from src\main\AndroidManifest.xml:14:22-78
uses-permission#android.permission.CALL_PHONE
ADDED from src\main\AndroidManifest.xml:15:5-69
	android:name
		ADDED from src\main\AndroidManifest.xml:15:22-66
uses-permission#android.permission.REQUEST_IGNORE_BATTERY_OPTIMIZATIONS
ADDED from src\main\AndroidManifest.xml:16:5-95
	android:name
		ADDED from src\main\AndroidManifest.xml:16:22-92
uses-permission#android.permission.ACCESS_WIFI_STATE
ADDED from src\main\AndroidManifest.xml:17:5-76
	android:name
		ADDED from src\main\AndroidManifest.xml:17:22-73
uses-permission#android.permission.READ_MEDIA_IMAGES
ADDED from src\main\AndroidManifest.xml:18:5-20:46
	tools:ignore
		ADDED from src\main\AndroidManifest.xml:20:9-43
	android:name
		ADDED from src\main\AndroidManifest.xml:19:9-60
uses-permission#android.permission.READ_MEDIA_VIDEO
ADDED from src\main\AndroidManifest.xml:21:5-75
	android:name
		ADDED from src\main\AndroidManifest.xml:21:22-72
uses-permission#android.permission.RECEIVE_BOOT_COMPLETED
ADDED from src\main\AndroidManifest.xml:22:5-24:46
MERGED from [androidx.work:work-runtime:2.10.0] AndroidManifest.xml:25:5-81
MERGED from [androidx.work:work-runtime:2.10.0] AndroidManifest.xml:25:5-81
MERGED from [ru.rustore.sdk:metrics:8.0.0-alpha01] AndroidManifest.xml:8:5-81
MERGED from [ru.rustore.sdk:metrics:8.0.0-alpha01] AndroidManifest.xml:8:5-81
	tools:ignore
		ADDED from src\main\AndroidManifest.xml:24:9-43
	android:name
		ADDED from src\main\AndroidManifest.xml:23:9-65
uses-permission#android.permission.WRITE_EXTERNAL_STORAGE
ADDED from src\main\AndroidManifest.xml:25:5-27:40
	tools:ignore
		ADDED from src\main\AndroidManifest.xml:27:9-37
	android:name
		ADDED from src\main\AndroidManifest.xml:26:9-65
uses-permission#android.permission.POST_NOTIFICATIONS
ADDED from src\main\AndroidManifest.xml:28:5-77
MERGED from [ru.rustore.sdk:pushclient:6.5.0] AndroidManifest.xml:9:5-77
MERGED from [ru.rustore.sdk:pushclient:6.5.0] AndroidManifest.xml:9:5-77
MERGED from [com.google.firebase:firebase-messaging:24.1.0] AndroidManifest.xml:23:5-77
MERGED from [com.google.firebase:firebase-messaging:24.1.0] AndroidManifest.xml:23:5-77
	android:name
		ADDED from src\main\AndroidManifest.xml:28:22-74
uses-feature#android.hardware.camera
ADDED from src\main\AndroidManifest.xml:29:5-31:36
MERGED from [com.journeyapps:zxing-android-embedded:4.3.0] AndroidManifest.xml:25:5-27:36
MERGED from [com.journeyapps:zxing-android-embedded:4.3.0] AndroidManifest.xml:25:5-27:36
	android:required
		ADDED from src\main\AndroidManifest.xml:31:9-33
	android:name
		ADDED from src\main\AndroidManifest.xml:30:9-47
uses-feature#android.hardware.camera.autofocus
ADDED from src\main\AndroidManifest.xml:32:5-34:36
MERGED from [com.journeyapps:zxing-android-embedded:4.3.0] AndroidManifest.xml:33:5-35:36
MERGED from [com.journeyapps:zxing-android-embedded:4.3.0] AndroidManifest.xml:33:5-35:36
	android:required
		ADDED from src\main\AndroidManifest.xml:34:9-33
	android:name
		ADDED from src\main\AndroidManifest.xml:33:9-57
uses-feature#android.hardware.camera.flash
ADDED from src\main\AndroidManifest.xml:35:5-37:36
MERGED from [com.journeyapps:zxing-android-embedded:4.3.0] AndroidManifest.xml:36:5-38:36
MERGED from [com.journeyapps:zxing-android-embedded:4.3.0] AndroidManifest.xml:36:5-38:36
	android:required
		ADDED from src\main\AndroidManifest.xml:37:9-33
	android:name
		ADDED from src\main\AndroidManifest.xml:36:9-53
uses-feature#android.hardware.nfc.peer_to_peer
ADDED from src\main\AndroidManifest.xml:38:5-40:35
	android:required
		ADDED from src\main\AndroidManifest.xml:40:9-32
	android:name
		ADDED from src\main\AndroidManifest.xml:39:9-57
uses-feature#android.hardware.nfc
ADDED from src\main\AndroidManifest.xml:42:5-44:35
	android:required
		ADDED from src\main\AndroidManifest.xml:44:9-32
	android:name
		ADDED from src\main\AndroidManifest.xml:43:9-44
uses-feature#android.hardware.telephony
ADDED from src\main\AndroidManifest.xml:45:5-47:36
MERGED from [org.osmdroid:osmdroid-android:6.1.18] AndroidManifest.xml:20:5-22:36
MERGED from [org.osmdroid:osmdroid-android:6.1.18] AndroidManifest.xml:20:5-22:36
	android:required
		ADDED from src\main\AndroidManifest.xml:47:9-33
	android:name
		ADDED from src\main\AndroidManifest.xml:46:9-50
uses-permission#android.permission.READ_EXTERNAL_STORAGE
ADDED from src\main\AndroidManifest.xml:49:5-51:40
	tools:ignore
		ADDED from src\main\AndroidManifest.xml:51:9-37
	android:name
		ADDED from src\main\AndroidManifest.xml:50:9-64
uses-permission#android.permission.FOREGROUND_SERVICE
ADDED from src\main\AndroidManifest.xml:52:5-77
MERGED from [androidx.work:work-runtime:2.10.0] AndroidManifest.xml:26:5-77
MERGED from [androidx.work:work-runtime:2.10.0] AndroidManifest.xml:26:5-77
MERGED from [com.sunmi:ThingAdapter-SDK:1.0.9] AndroidManifest.xml:9:5-77
MERGED from [com.sunmi:ThingAdapter-SDK:1.0.9] AndroidManifest.xml:9:5-77
	android:name
		ADDED from src\main\AndroidManifest.xml:52:22-74
application
ADDED from src\main\AndroidManifest.xml:54:5-276:19
INJECTED from src\main\AndroidManifest.xml:54:5-276:19
MERGED from [ru.rustore.sdk:pushclient:6.5.0] AndroidManifest.xml:19:5-35:19
MERGED from [ru.rustore.sdk:pushclient:6.5.0] AndroidManifest.xml:19:5-35:19
MERGED from [com.google.android.material:material:1.12.0] AndroidManifest.xml:22:5-20
MERGED from [com.google.android.material:material:1.12.0] AndroidManifest.xml:22:5-20
MERGED from [androidx.constraintlayout:constraintlayout:2.2.0] AndroidManifest.xml:7:5-20
MERGED from [androidx.constraintlayout:constraintlayout:2.2.0] AndroidManifest.xml:7:5-20
MERGED from [com.google.android.gms:play-services-mlkit-barcode-scanning:18.3.1] AndroidManifest.xml:8:5-16:19
MERGED from [com.google.android.gms:play-services-mlkit-barcode-scanning:18.3.1] AndroidManifest.xml:8:5-16:19
MERGED from [com.google.mlkit:vision-common:17.3.0] AndroidManifest.xml:8:5-16:19
MERGED from [com.google.mlkit:vision-common:17.3.0] AndroidManifest.xml:8:5-16:19
MERGED from [com.google.mlkit:common:18.11.0] AndroidManifest.xml:8:5-24:19
MERGED from [com.google.mlkit:common:18.11.0] AndroidManifest.xml:8:5-24:19
MERGED from [androidx.compose.ui:ui-tooling-android:1.6.6] AndroidManifest.xml:22:5-26:19
MERGED from [androidx.compose.ui:ui-tooling-android:1.6.6] AndroidManifest.xml:22:5-26:19
MERGED from [androidx.compose.ui:ui-test-manifest:1.6.6] AndroidManifest.xml:22:5-26:19
MERGED from [androidx.compose.ui:ui-test-manifest:1.6.6] AndroidManifest.xml:22:5-26:19
MERGED from [com.github.bumptech.glide:okhttp3-integration:4.12.0] AndroidManifest.xml:10:5-14:19
MERGED from [com.github.bumptech.glide:okhttp3-integration:4.12.0] AndroidManifest.xml:10:5-14:19
MERGED from [com.github.bumptech.glide:glide:4.12.0] AndroidManifest.xml:10:5-20
MERGED from [com.github.bumptech.glide:glide:4.12.0] AndroidManifest.xml:10:5-20
MERGED from [com.google.android.gms:play-services-location:21.0.1] AndroidManifest.xml:7:5-20
MERGED from [com.google.android.gms:play-services-location:21.0.1] AndroidManifest.xml:7:5-20
MERGED from [com.google.firebase:firebase-messaging:24.1.0] AndroidManifest.xml:28:5-64:19
MERGED from [com.google.firebase:firebase-messaging:24.1.0] AndroidManifest.xml:28:5-64:19
MERGED from [com.google.firebase:firebase-installations:17.2.0] AndroidManifest.xml:11:5-22:19
MERGED from [com.google.firebase:firebase-installations:17.2.0] AndroidManifest.xml:11:5-22:19
MERGED from [com.google.firebase:firebase-common-ktx:21.0.0] AndroidManifest.xml:8:5-16:19
MERGED from [com.google.firebase:firebase-common-ktx:21.0.0] AndroidManifest.xml:8:5-16:19
MERGED from [com.google.firebase:firebase-common:21.0.0] AndroidManifest.xml:22:5-39:19
MERGED from [com.google.firebase:firebase-common:21.0.0] AndroidManifest.xml:22:5-39:19
MERGED from [com.google.firebase:firebase-iid-interop:17.1.0] AndroidManifest.xml:7:5-8:19
MERGED from [com.google.firebase:firebase-iid-interop:17.1.0] AndroidManifest.xml:7:5-8:19
MERGED from [com.google.firebase:firebase-measurement-connector:19.0.0] AndroidManifest.xml:22:5-23:19
MERGED from [com.google.firebase:firebase-measurement-connector:19.0.0] AndroidManifest.xml:22:5-23:19
MERGED from [com.google.android.gms:play-services-stats:17.0.2] AndroidManifest.xml:7:5-20
MERGED from [com.google.android.gms:play-services-stats:17.0.2] AndroidManifest.xml:7:5-20
MERGED from [com.google.android.gms:play-services-base:18.5.0] AndroidManifest.xml:4:5-6:19
MERGED from [com.google.android.gms:play-services-base:18.5.0] AndroidManifest.xml:4:5-6:19
MERGED from [androidx.room:room-runtime:2.6.1] AndroidManifest.xml:23:5-29:19
MERGED from [androidx.room:room-runtime:2.6.1] AndroidManifest.xml:23:5-29:19
MERGED from [ru.rustore.sdk:push-core:6.5.0] AndroidManifest.xml:7:5-12:19
MERGED from [ru.rustore.sdk:push-core:6.5.0] AndroidManifest.xml:7:5-12:19
MERGED from [androidx.work:work-runtime:2.10.0] AndroidManifest.xml:28:5-143:19
MERGED from [androidx.work:work-runtime:2.10.0] AndroidManifest.xml:28:5-143:19
MERGED from [androidx.emoji2:emoji2:1.3.0] AndroidManifest.xml:23:5-33:19
MERGED from [androidx.emoji2:emoji2:1.3.0] AndroidManifest.xml:23:5-33:19
MERGED from [androidx.test:core:1.6.1] AndroidManifest.xml:26:5-51:19
MERGED from [androidx.test:core:1.6.1] AndroidManifest.xml:26:5-51:19
MERGED from [androidx.lifecycle:lifecycle-process:2.8.6] AndroidManifest.xml:23:5-33:19
MERGED from [androidx.lifecycle:lifecycle-process:2.8.6] AndroidManifest.xml:23:5-33:19
MERGED from [ru.rustore.sdk:activitylauncher:7.0.0] AndroidManifest.xml:7:5-12:19
MERGED from [ru.rustore.sdk:activitylauncher:7.0.0] AndroidManifest.xml:7:5-12:19
MERGED from [ru.rustore.sdk:metrics:8.0.0-alpha01] AndroidManifest.xml:10:5-16:19
MERGED from [ru.rustore.sdk:metrics:8.0.0-alpha01] AndroidManifest.xml:10:5-16:19
MERGED from [com.google.android.gms:play-services-tasks:18.2.0] AndroidManifest.xml:4:5-20
MERGED from [com.google.android.gms:play-services-tasks:18.2.0] AndroidManifest.xml:4:5-20
MERGED from [com.google.android.gms:play-services-basement:18.4.0] AndroidManifest.xml:5:5-7:19
MERGED from [com.google.android.gms:play-services-basement:18.4.0] AndroidManifest.xml:5:5-7:19
MERGED from [androidx.core:core:1.13.1] AndroidManifest.xml:28:5-89
MERGED from [androidx.core:core:1.13.1] AndroidManifest.xml:28:5-89
MERGED from [androidx.test:runner:1.6.1] AndroidManifest.xml:30:5-20
MERGED from [androidx.test:runner:1.6.1] AndroidManifest.xml:30:5-20
MERGED from [androidx.profileinstaller:profileinstaller:1.4.0] AndroidManifest.xml:23:5-53:19
MERGED from [androidx.profileinstaller:profileinstaller:1.4.0] AndroidManifest.xml:23:5-53:19
MERGED from [androidx.startup:startup-runtime:1.1.1] AndroidManifest.xml:25:5-31:19
MERGED from [androidx.startup:startup-runtime:1.1.1] AndroidManifest.xml:25:5-31:19
MERGED from [com.squareup.picasso:picasso:2.8] AndroidManifest.xml:7:5-12:19
MERGED from [com.squareup.picasso:picasso:2.8] AndroidManifest.xml:7:5-12:19
MERGED from [com.github.bumptech.glide:gifdecoder:4.12.0] AndroidManifest.xml:9:5-20
MERGED from [com.github.bumptech.glide:gifdecoder:4.12.0] AndroidManifest.xml:9:5-20
MERGED from [com.google.firebase:firebase-datatransport:18.2.0] AndroidManifest.xml:21:5-29:19
MERGED from [com.google.firebase:firebase-datatransport:18.2.0] AndroidManifest.xml:21:5-29:19
MERGED from [com.google.android.datatransport:transport-backend-cct:3.1.9] AndroidManifest.xml:27:5-35:19
MERGED from [com.google.android.datatransport:transport-backend-cct:3.1.9] AndroidManifest.xml:27:5-35:19
MERGED from [com.google.android.datatransport:transport-runtime:3.1.9] AndroidManifest.xml:25:5-39:19
MERGED from [com.google.android.datatransport:transport-runtime:3.1.9] AndroidManifest.xml:25:5-39:19